Starting project at C:\Native
Starting Metro Bundler
Waiting on http://localhost:8084
Logs for your project will appear below.
Web Bundled 65588ms C:\Native\node_modules\expo\AppEntry.js (998 modules)
Web Bundled 180ms C:\Native\node_modules\expo\AppEntry.js (1 module)
Web Bundled 179ms C:\Native\node_modules\expo\AppEntry.js (1 module)
Web Bundled 292ms C:\Native\node_modules\expo\AppEntry.js (1 module)
Web Bundled 3186ms C:\Native\node_modules\expo\AppEntry.js (1 module)
Web Bundled 19745ms C:\Native\node_modules\expo\AppEntry.js (1 module)
Web Bundled 461ms C:\Native\node_modules\expo\AppEntry.js (1 module)
Web Bundled 530ms C:\Native\node_modules\expo\AppEntry.js (1 module)
Web Bundled 477ms C:\Native\node_modules\expo\AppEntry.js (1 module)
Web Bundled 1134ms C:\Native\node_modules\expo\AppEntry.js (1 module)
Web Bundled 663ms C:\Native\node_modules\expo\AppEntry.js (1 module)
Web Bundled 5315ms C:\Native\node_modules\expo\AppEntry.js (1 module)
Web Bundled 6123ms C:\Native\node_modules\expo\AppEntry.js (1 module)
Web Bundled 145ms C:\Native\node_modules\expo\AppEntry.js (1 module)
Web Bundled 483ms C:\Native\node_modules\expo\AppEntry.js (1 module)
Web Bundled 655ms C:\Native\node_modules\expo\AppEntry.js (1 module)
Web Bundled 134ms C:\Native\node_modules\expo\AppEntry.js (1 module)
Web Bundled 187ms C:\Native\node_modules\expo\AppEntry.js (1 module)
Web Bundled 1275ms C:\Native\node_modules\expo\AppEntry.js (1 module)
Web Bundled 1898ms C:\Native\node_modules\expo\AppEntry.js (1 module)
Web Bundled 276ms C:\Native\node_modules\expo\AppEntry.js (1 module)
Web Bundled 3053ms C:\Native\node_modules\expo\AppEntry.js (1 module)
Web Bundled 178ms C:\Native\node_modules\expo\AppEntry.js (1 module)
Web Bundled 847ms C:\Native\node_modules\expo\AppEntry.js (1 module)
Web Bundled 238ms C:\Native\node_modules\expo\AppEntry.js (1 module)
Web Bundled 191ms C:\Native\node_modules\expo\AppEntry.js (1 module)
Web Bundled 881ms C:\Native\node_modules\expo\AppEntry.js (1 module)
Web Bundled 1499ms C:\Native\node_modules\expo\AppEntry.js (1 module)
Web Bundled 307ms C:\Native\node_modules\expo\AppEntry.js (1 module)
Web Bundled 601ms C:\Native\node_modules\expo\AppEntry.js (1 module)
Web Bundled 160ms C:\Native\node_modules\expo\AppEntry.js (1 module)
Web Bundled 1139ms C:\Native\node_modules\expo\AppEntry.js (1 module)
Web Bundled 760ms C:\Native\node_modules\expo\AppEntry.js (1 module)
Web Bundled 3702ms C:\Native\node_modules\expo\AppEntry.js (1 module)
Web Bundled 143ms C:\Native\node_modules\expo\AppEntry.js (1 module)
Web Bundled 156ms C:\Native\node_modules\expo\AppEntry.js (1 module)
Web Bundled 522ms C:\Native\node_modules\expo\AppEntry.js (1 module)
Web Bundled 11471ms C:\Native\node_modules\expo\AppEntry.js (1 module)
Web Bundled 146ms C:\Native\node_modules\expo\AppEntry.js (1 module)
Web Bundled 140ms C:\Native\node_modules\expo\AppEntry.js (1 module)
Web Bundled 2037ms C:\Native\node_modules\expo\AppEntry.js (1 module)
Web Bundled 952ms C:\Native\node_modules\expo\AppEntry.js (1 module)
Web Bundled 2149ms C:\Native\node_modules\expo\AppEntry.js (1 module)
Web Bundled 2720ms C:\Native\node_modules\expo\AppEntry.js (1 module)
Web Bundled 137ms C:\Native\node_modules\expo\AppEntry.js (1 module)
Web Bundled 97ms C:\Native\node_modules\expo\AppEntry.js (1 module)
Web Bundled 126ms C:\Native\node_modules\expo\AppEntry.js (1 module)
Web Bundled 113ms C:\Native\node_modules\expo\AppEntry.js (1 module)
Web Bundled 4257ms C:\Native\node_modules\expo\AppEntry.js (1 module)
Web Bundled 113ms C:\Native\node_modules\expo\AppEntry.js (1 module)
Web Bundled 101ms C:\Native\node_modules\expo\AppEntry.js (1 module)
Web Bundled 622ms C:\Native\node_modules\expo\AppEntry.js (1 module)
Web Bundled 1797ms C:\Native\node_modules\expo\AppEntry.js (1 module)
Web Bundled 126ms C:\Native\node_modules\expo\AppEntry.js (1 module)
Web Bundled 4253ms C:\Native\node_modules\expo\AppEntry.js (1 module)
Web Bundled 18917ms C:\Native\node_modules\expo\AppEntry.js (1 module)
Web Bundled 5776ms C:\Native\node_modules\expo\AppEntry.js (1 module)
Web Bundled 157ms C:\Native\node_modules\expo\AppEntry.js (1 module)
Web Bundled 127ms C:\Native\node_modules\expo\AppEntry.js (1 module)
Web Bundled 6866ms C:\Native\node_modules\expo\AppEntry.js (1 module)
